<?xml version="1.0" encoding="UTF-8"?>
<!-- Generated by org.testng.reporters.JUnitXMLReporter -->
<testsuite ignored="2" hostname="TYSS-Shivakumar-H-R" failures="0" tests="4" name="Test" time="0.051" errors="0" timestamp="2024-05-10T11:50:01 IST">
  <testcase classname="com.crm.comcast.contacttest.CreateContactTest" name="createContact" time="0.006"/>
  <testcase classname="com.crm.comcast.contacttest.CreateContactTest" name="createContactWithDate" time="0.001"/>
  <testcase classname="com.crm.comcast.orgtest.CreateOrganizationTest" name="createOrganization" time="0.001"/>
  <testcase classname="com.crm.comcast.orgtest.CreateOrganizationTest" name="createOrganizationWithIndustries" time="0.002"/>
  <testcase classname="com.crm.comcast.generic.baseclassutility.BaseClass" name="@BeforeSuite configBS" time="0.0">
    <ignored/>
  </testcase> <!-- @BeforeSuite configBS -->
  <testcase classname="com.crm.comcast.generic.baseclassutility.BaseClass" name="@AfterSuite configAS" time="0.0">
    <ignored/>
  </testcase> <!-- @AfterSuite configAS -->
</testsuite> <!-- Test -->
