<?xml version="1.0" encoding="UTF-8"?>
<testng-results ignored="0" total="1" passed="1" failed="0" skipped="0">
  <reporter-output>
  </reporter-output>
  <suite started-at="2024-05-15T15:04:17 IST" name="Default suite" finished-at="2024-05-15T15:04:20 IST" duration-ms="2939">
    <groups>
    </groups>
    <test started-at="2024-05-15T15:04:17 IST" name="Default test" finished-at="2024-05-15T15:04:20 IST" duration-ms="2939">
      <class name="practice.advcancereporting.ExtentsReportWithScreenshot">
        <test-method signature="takeSCreenShot()[pri:0, instance:practice.advcancereporting.ExtentsReportWithScreenshot@63376bed]" started-at="2024-05-15T15:04:17 IST" name="takeSCreenShot" finished-at="2024-05-15T15:04:20 IST" duration-ms="2903" status="PASS">
          <reporter-output>
          </reporter-output>
        </test-method> <!-- takeSCreenShot -->
      </class> <!-- practice.advcancereporting.ExtentsReportWithScreenshot -->
    </test> <!-- Default test -->
  </suite> <!-- Default suite -->
</testng-results>
